[01Nov.2025 12:44:13.522] [main/INFO] [cpw.mods.modlauncher.Launcher/MODLAUNCHER]: ModLauncher running: args [--launchTarget, neoforgeclientdev, --version, 21.8.49, --assetIndex, 26, --assetsDir, C:\\Users\\Yuma\\.gradle\\caches\\neoformruntime\\assets, --fml.fmlVersion, 9.0.18, --fml.mcVersion, 1.21.8, --fml.neoForgeVersion, 21.8.49, --fml.neoFormVersion, 20250717.133445]
[01Nov.2025 12:44:13.524] [main/INFO] [cpw.mods.modlauncher.Launcher/MODLAUNCHER]: JVM identified as Eclipse Adoptium OpenJDK 64-Bit Server VM 21.0.4+7-LTS
[01Nov.2025 12:44:13.527] [main/INFO] [cpw.mods.modlauncher.Launcher/MODLAUNCHER]: ModLauncher 9.0 starting: java version 21.0.4 by Eclipse Adoptium; OS Windows 11 arch amd64 version 10.0
[01Nov.2025 12:44:13.696] [main/INFO] [net.neoforged.fml.loading.ImmediateWindowHandler/]: Loading ImmediateWindowProvider fmlearlywindow
[01Nov.2025 12:44:14.262] [main/INFO] [mixin/]: SpongePowered MIXIN Subsystem Version=0.8.7 Source=union:/C:/Users/Yuma/.gradle/caches/modules-2/files-2.1/net.fabricmc/sponge-mixin/0.15.2+mixin.0.8.7/2af2f021d8e02a0220dc27a7a72b4666d66d44ca/sponge-mixin-0.15.2+mixin.0.8.7.jar%23157!/ Service=ModLauncher Env=CLIENT
[01Nov.2025 12:44:14.586] [fml-loadingscreen/INFO] [net.neoforged.fml.earlydisplay.render.LoadingScreenRenderer/]: GL info: Radeon RX 580 Series GL version 3.2.0 Core Profile Context 25.8.1.250617, ATI Technologies Inc.
[01Nov.2025 12:44:15.212] [main/INFO] [net.neoforged.fml.loading.moddiscovery.locators.JarInJarDependencyLocator/]: Found 4 dependencies adding them to mods collection
[01Nov.2025 12:44:15.214] [main/INFO] [net.neoforged.fml.loading.moddiscovery.ModDiscoverer/]: 
     Mod List:
		Name Version (Mod Id)

		Drippy Loading Screen 3.0.15 (drippyloadingscreen)
		FancyMenu 3.7.1 (fancymenu)
		Konkrete 1.9.12 (konkrete)
		Melody 1.0.12 (melody)
		Minecraft 1.21.8 (minecraft)
		NeoForge 21.8.49 (neoforge)
		Valorant 1.0.0 (valorant)
[01Nov.2025 12:44:16.450] [main/INFO] [mixin/]: Compatibility level set to JAVA_17
[01Nov.2025 12:44:16.481] [main/INFO] [cpw.mods.modlauncher.LaunchServiceHandler/MODLAUNCHER]: Launching target 'neoforgeclientdev' with arguments [--version, 21.8.49, --assetsDir, C:\Users\Yuma\.gradle\caches\neoformruntime\assets, --assetIndex, 26]
[01Nov.2025 12:44:16.554] [main/WARN] [mixin/]: Reference map 'melody.refmap.json' for melody.mixins.json could not be read. If this is a development environment you can ignore this message
[01Nov.2025 12:44:16.556] [main/WARN] [mixin/]: Reference map 'melody.refmap.json' for melody.neoforge.mixins.json could not be read. If this is a development environment you can ignore this message
[01Nov.2025 12:44:16.559] [main/WARN] [mixin/]: Reference map 'fancymenu.refmap.json' for fancymenu.mixins.json could not be read. If this is a development environment you can ignore this message
[01Nov.2025 12:44:16.560] [main/WARN] [mixin/]: Reference map 'fancymenu.refmap.json' for fancymenu.neoforge.mixins.json could not be read. If this is a development environment you can ignore this message
[01Nov.2025 12:44:16.563] [main/WARN] [mixin/]: Reference map 'konkrete.refmap.json' for konkrete.mixins.json could not be read. If this is a development environment you can ignore this message
[01Nov.2025 12:44:16.566] [main/WARN] [mixin/]: Reference map 'konkrete.refmap.json' for konkrete.neoforge.mixins.json could not be read. If this is a development environment you can ignore this message
[01Nov.2025 12:44:16.571] [main/WARN] [mixin/]: Reference map 'drippyloadingscreen.refmap.json' for drippyloadingscreen.mixins.json could not be read. If this is a development environment you can ignore this message
[01Nov.2025 12:44:16.572] [main/WARN] [mixin/]: Reference map 'drippyloadingscreen.refmap.json' for drippyloadingscreen.neoforge.mixins.json could not be read. If this is a development environment you can ignore this message
[01Nov.2025 12:44:17.122] [main/WARN] [mixin/]: Error loading class: de/keksuccino/fancymenu/customization/element/elements/playerentity/v2/PlayerEntityElement (java.lang.ClassNotFoundException: de.keksuccino.fancymenu.customization.element.elements.playerentity.v2.PlayerEntityElement)
[01Nov.2025 12:44:17.123] [main/WARN] [mixin/]: @Mixin target de.keksuccino.fancymenu.customization.element.elements.playerentity.v2.PlayerEntityElement was not found drippyloadingscreen.mixins.json:client.MixinPlayerEntityElement from mod drippyloadingscreen
[01Nov.2025 12:44:19.157] [Datafixer Bootstrap/INFO] [com.mojang.datafixers.DataFixerBuilder/]: 272 Datafixer optimizations took 600 milliseconds
[01Nov.2025 12:44:19.460] [pool-10-thread-1/INFO] [MixinExtras|Service/]: Initializing MixinExtras via com.llamalad7.mixinextras.service.MixinExtrasServiceImpl(version=0.5.0).
[01Nov.2025 12:44:27.312] [main/WARN] [net.minecraft.commands.Commands/]: Ambiguity between arguments [teleport, location] and [teleport, destination] with inputs: [0.1 -0.5 .9, 0 0 0]
[01Nov.2025 12:44:27.314] [main/WARN] [net.minecraft.commands.Commands/]: Ambiguity between arguments [teleport, location] and [teleport, targets] with inputs: [0.1 -0.5 .9, 0 0 0]
[01Nov.2025 12:44:27.318] [main/WARN] [net.minecraft.commands.Commands/]: Ambiguity between arguments [teleport, destination] and [teleport, targets] with inputs: [Player, 0123, @e, dd12be42-52a9-4a91-a8a1-11c01849e498]
[01Nov.2025 12:44:27.320] [main/WARN] [net.minecraft.commands.Commands/]: Ambiguity between arguments [teleport, targets] and [teleport, destination] with inputs: [Player, 0123, dd12be42-52a9-4a91-a8a1-11c01849e498]
[01Nov.2025 12:44:27.321] [main/WARN] [net.minecraft.commands.Commands/]: Ambiguity between arguments [teleport, targets, location] and [teleport, targets, destination] with inputs: [0.1 -0.5 .9, 0 0 0]
[01Nov.2025 12:44:27.326] [main/WARN] [net.minecraft.commands.Commands/]: Ambiguity between arguments [waypoint, modify, waypoint, color, reset] and [waypoint, modify, waypoint, color, color] with inputs: [reset]
[01Nov.2025 12:44:27.614] [modloading-worker-0/INFO] [de.keksuccino.melody.Melody/]: [MELODY] Loading v1.0.12 on NEOFORGE...
[01Nov.2025 12:44:27.616] [modloading-worker-0/INFO] [de.keksuccino.konkrete.Konkrete/]: [KONKRETE] Loading v1.9.12 in client-side mode on NEOFORGE!
[01Nov.2025 12:44:27.616] [modloading-worker-0/INFO] [de.keksuccino.konkrete.Konkrete/]: ---------------------------
[01Nov.2025 12:44:27.616] [modloading-worker-0/INFO] [de.keksuccino.konkrete.Konkrete/]: KONKRETE SHIPS AND USES THE FOLLOWING LIBRARIES:
[01Nov.2025 12:44:27.616] [modloading-worker-0/INFO] [de.keksuccino.konkrete.Konkrete/]:  
[01Nov.2025 12:44:27.616] [modloading-worker-0/INFO] [de.keksuccino.konkrete.Konkrete/]: Open Imaging Copyright © 2014 Dhyan Blum.
[01Nov.2025 12:44:27.617] [modloading-worker-0/INFO] [de.keksuccino.konkrete.Konkrete/]: Open Imaging is licensed under Apache-2.0.
[01Nov.2025 12:44:27.617] [modloading-worker-0/INFO] [de.keksuccino.konkrete.Konkrete/]:  
[01Nov.2025 12:44:27.617] [modloading-worker-0/INFO] [de.keksuccino.konkrete.Konkrete/]: JsonPath Copyright © 2017 Jayway.
[01Nov.2025 12:44:27.617] [modloading-worker-0/INFO] [de.keksuccino.konkrete.Konkrete/]: JsonPath is licensed under Apache-2.0.
[01Nov.2025 12:44:27.617] [modloading-worker-0/INFO] [de.keksuccino.konkrete.Konkrete/]:  
[01Nov.2025 12:44:27.617] [modloading-worker-0/INFO] [de.keksuccino.konkrete.Konkrete/]: Json-smart Copyright © netplex.
[01Nov.2025 12:44:27.617] [modloading-worker-0/INFO] [de.keksuccino.konkrete.Konkrete/]: Json-smart is licensed under Apache-2.0.
[01Nov.2025 12:44:27.617] [modloading-worker-0/INFO] [de.keksuccino.konkrete.Konkrete/]:  
[01Nov.2025 12:44:27.617] [modloading-worker-0/INFO] [de.keksuccino.konkrete.Konkrete/]: Exp4j Copyright © Frank Asseg.
[01Nov.2025 12:44:27.618] [modloading-worker-0/INFO] [de.keksuccino.konkrete.Konkrete/]: Exp4j is licensed under Apache-2.0. https://github.com/fasseg/exp4j
[01Nov.2025 12:44:27.618] [modloading-worker-0/INFO] [de.keksuccino.konkrete.Konkrete/]: ---------------------------
[01Nov.2025 12:44:27.618] [modloading-worker-0/INFO] [de.keksuccino.konkrete.Konkrete/]: [KONKRETE] Server-side modules initialized and ready to use!
[01Nov.2025 12:44:27.650] [modloading-worker-0/INFO] [net.neoforged.neoforge.common.NeoForgeMod/NEOFORGE-MOD]: NeoForge mod loading, version 21.8.49, for MC 1.21.8
[01Nov.2025 12:44:28.833] [modloading-sync-worker/WARN] [net.neoforged.fml.config.ConfigTracker/CONFIG]: Configuration file C:\Users\Yuma\Desktop\MC Valo\Minecraft_Valorent_Mod\run\config\valorant-common.toml is not correct. Correcting
[01Nov.2025 12:44:29.217] [Render thread/WARN] [net.minecraft.server.packs.VanillaPackResourcesBuilder/]: Assets URL 'union:/C:/Users/Yuma/Desktop/MC%20Valo/Minecraft_Valorent_Mod/build/moddev/artifacts/neoforge-21.8.49.jar%23216!/assets/.mcassetsroot' uses unexpected schema
[01Nov.2025 12:44:29.218] [Render thread/WARN] [net.minecraft.server.packs.VanillaPackResourcesBuilder/]: Assets URL 'union:/C:/Users/Yuma/Desktop/MC%20Valo/Minecraft_Valorent_Mod/build/moddev/artifacts/neoforge-21.8.49.jar%23216!/data/.mcassetsroot' uses unexpected schema
[01Nov.2025 12:44:29.258] [Render thread/INFO] [com.mojang.authlib.yggdrasil.YggdrasilAuthenticationService/]: Environment: Environment[sessionHost=https://sessionserver.mojang.com, servicesHost=https://api.minecraftservices.com, name=PROD]
[01Nov.2025 12:44:29.268] [Render thread/INFO] [net.minecraft.client.Minecraft/]: Setting user: Dev
[01Nov.2025 12:44:29.533] [Render thread/INFO] [net.minecraft.client.Minecraft/]: Backend library: LWJGL version 3.3.3+5
[01Nov.2025 12:44:29.801] [Render thread/INFO] [net.minecraft.client.Minecraft/]: Using optional rendering extensions: GL_ARB_buffer_storage, GL_KHR_debug, GL_ARB_vertex_attrib_binding, GL_ARB_direct_state_access
[01Nov.2025 12:44:31.000] [Render thread/INFO] [net.minecraft.client.Minecraft/]: [FANCYMENU] Registering resource reload listener..
[01Nov.2025 12:44:31.148] [Render thread/INFO] [mixin/]: fancymenu.mixins.json:client.IMixinRealmsNotificationsScreen from mod fancymenu->@Accessor[FIELD_GETTER]::get_trialAvailable_FancyMenu()Z should be static as its target is
[01Nov.2025 12:44:31.149] [Render thread/INFO] [mixin/]: fancymenu.mixins.json:client.IMixinRealmsNotificationsScreen from mod fancymenu->@Accessor[FIELD_GETTER]::get_hasUnreadNews_FancyMenu()Z should be static as its target is
[01Nov.2025 12:44:31.149] [Render thread/INFO] [mixin/]: fancymenu.mixins.json:client.IMixinRealmsNotificationsScreen from mod fancymenu->@Accessor[FIELD_GETTER]::get_hasUnseenNotifications()Z should be static as its target is
[01Nov.2025 12:44:31.230] [Render thread/INFO] [net.minecraft.server.packs.resources.ReloadableResourceManager/]: Reloading ResourceManager: vanilla, mod_resources, mod/melody, mod/valorant, mod/fancymenu, mod/konkrete, mod/neoforge, mod/drippyloadingscreen
[01Nov.2025 12:44:31.332] [resourceLoad/INFO] [net.minecraft.client.gui.font.providers.UnihexProvider/]: Found unifont_all_no_pua-16.0.03.hex, loading
[01Nov.2025 12:44:31.334] [resourceLoad/INFO] [net.minecraft.client.gui.font.providers.UnihexProvider/]: Found unifont_pua-16.0.03.hex, loading
[01Nov.2025 12:44:31.353] [Render thread/INFO] [de.keksuccino.fancymenu.customization.ScreenCustomization/]: [FANCYMENU] Initializing screen customization engine! Addons should NOT REGISTER TO REGISTRIES anymore now!
[01Nov.2025 12:44:31.539] [resourceLoad/WARN] [net.minecraft.client.sounds.SoundManager/]: File valorant:sounds/curveball_throw.ogg does not exist, cannot add it to event valorant:curveball_throw
[01Nov.2025 12:44:31.540] [resourceLoad/WARN] [net.minecraft.client.sounds.SoundManager/]: File valorant:sounds/curveball_detonate.ogg does not exist, cannot add it to event valorant:curveball_detonate
[01Nov.2025 12:44:31.742] [resourceLoad/INFO] [net.minecraft.client.gui.font.providers.UnihexProvider/]: Found unifont_jp_patch-16.0.03.hex, loading
[01Nov.2025 12:44:33.198] [resourceLoad/WARN] [net.minecraft.client.resources.model.ModelManager/]: Missing texture references in model valorant:item/classic:
    particle
[01Nov.2025 12:44:33.198] [resourceLoad/WARN] [net.minecraft.client.resources.model.ModelManager/]: Missing texture references in model valorant:item/fireball_3d:
    particle
[01Nov.2025 12:44:33.198] [resourceLoad/WARN] [net.minecraft.client.resources.model.ModelManager/]: Missing texture references in model valorant:item/placedstimbeacon:
    particle
[01Nov.2025 12:44:33.198] [resourceLoad/WARN] [net.minecraft.client.resources.model.ModelManager/]: Missing texture references in model valorant:item/curveball_3d:
    particle
[01Nov.2025 12:44:33.199] [resourceLoad/WARN] [net.minecraft.client.resources.model.ModelManager/]: Missing texture references in model valorant:item/blaze_3d:
    particle
[01Nov.2025 12:44:33.199] [resourceLoad/WARN] [net.minecraft.client.resources.model.ModelManager/]: Missing texture references in model valorant:item/vandal:
    particle
[01Nov.2025 12:44:33.199] [resourceLoad/WARN] [net.minecraft.client.resources.model.ModelManager/]: Missing texture references in model valorant:item/stimbeaconhand:
    particle
[01Nov.2025 12:44:33.199] [resourceLoad/WARN] [net.minecraft.client.resources.model.ModelManager/]: Missing texture references in model valorant:item/knife:
    particle
[01Nov.2025 12:44:33.199] [resourceLoad/WARN] [net.minecraft.client.resources.model.ModelManager/]: Missing texture references in model valorant:item/spike:
    particle
[01Nov.2025 12:44:33.199] [resourceLoad/WARN] [net.minecraft.client.resources.model.ModelManager/]: Missing texture references in model valorant:item/plantedspike:
    particle
[01Nov.2025 12:44:33.199] [resourceLoad/WARN] [net.minecraft.client.resources.model.ModelManager/]: Missing texture references in model valorant:item/defuser:
    particle
[01Nov.2025 12:44:33.305] [Render thread/INFO] [net.minecraft.client.gui.screens.LoadingOverlay/]: [DRIPPY LOADING SCREEN] Creating DrippyOverlayScreen instance..
[01Nov.2025 12:44:33.308] [Render thread/INFO] [de.keksuccino.fancymenu.customization.layer.ScreenCustomizationLayerHandler/]: [FANCYMENU] ScreenCustomizationLayer registered: drippy_loading_overlay
[01Nov.2025 12:44:33.511] [Render thread/INFO] [de.keksuccino.fancymenu.FancyMenu/]: [FANCYMENU] Starting late client initialization phase..
[01Nov.2025 12:44:33.519] [Render thread/INFO] [de.keksuccino.fancymenu.FancyMenu/]: [FANCYMENU] Loading v3.7.1 in client-side mode on NEOFORGE!
[01Nov.2025 12:44:33.549] [Render thread/INFO] [de.keksuccino.drippyloadingscreen.DrippyLoadingScreen/]: [DRIPPY LOADING SCREEN] Loading v3.0.15 in client-side mode on NEOFORGE!
[01Nov.2025 12:44:34.258] [Render thread/ERROR] [net.minecraft.client.sounds.SoundManager/]: Missing subtitle translation{key='valorant.sound.curveball_detonate', args=[]} for sound event: valorant:curveball_detonate
[01Nov.2025 12:44:34.259] [Render thread/ERROR] [net.minecraft.client.sounds.SoundManager/]: Missing subtitle translation{key='valorant.sound.ui.buy_failure', args=[]} for sound event: valorant:ui.buy_failure
[01Nov.2025 12:44:34.259] [Render thread/ERROR] [net.minecraft.client.sounds.SoundManager/]: Missing subtitle translation{key='valorant.sound.spike.defuse', args=[]} for sound event: valorant:spike.defuse
[01Nov.2025 12:44:34.260] [Render thread/ERROR] [net.minecraft.client.sounds.SoundManager/]: Missing subtitle translation{key='valorant.sound.spike.plant', args=[]} for sound event: valorant:spike.plant
[01Nov.2025 12:44:34.260] [Render thread/ERROR] [net.minecraft.client.sounds.SoundManager/]: Missing subtitle translation{key='valorant.sound.ui.buy_success', args=[]} for sound event: valorant:ui.buy_success
[01Nov.2025 12:44:34.260] [Render thread/ERROR] [net.minecraft.client.sounds.SoundManager/]: Missing subtitle translation{key='valorant.sound.vandal.reload', args=[]} for sound event: valorant:vandal.reload
[01Nov.2025 12:44:34.261] [Render thread/ERROR] [net.minecraft.client.sounds.SoundManager/]: Missing subtitle translation{key='valorant.sound.classic.reload', args=[]} for sound event: valorant:classic.reload
[01Nov.2025 12:44:34.262] [Render thread/ERROR] [net.minecraft.client.sounds.SoundManager/]: Missing subtitle translation{key='valorant.sound.curveball_throw', args=[]} for sound event: valorant:curveball_throw
[01Nov.2025 12:44:34.263] [Render thread/ERROR] [net.minecraft.client.sounds.SoundManager/]: Missing subtitle translation{key='valorant.sound.ghost.reload', args=[]} for sound event: valorant:ghost.reload
[01Nov.2025 12:44:34.417] [Render thread/INFO] [com.mojang.blaze3d.audio.Library/]: OpenAL initialized on device OpenAL Soft on Lautsprecher (Realtek(R) Audio)
[01Nov.2025 12:44:34.420] [Render thread/INFO] [net.minecraft.client.sounds.SoundEngine/SOUNDS]: Sound engine started
[01Nov.2025 12:44:34.422] [Render thread/INFO] [net.minecraft.client.sounds.SoundEngine/]: [FANCYMENU] Reloading AudioResourceHandler after Minecraft SoundEngine reload..
[01Nov.2025 12:44:34.833] [Render thread/INFO] [net.minecraft.client.renderer.texture.TextureAtlas/]: Created: 1024x1024x4 minecraft:textures/atlas/blocks.png-atlas
[01Nov.2025 12:44:34.853] [Render thread/INFO] [net.minecraft.client.renderer.texture.TextureAtlas/]: Created: 256x256x4 minecraft:textures/atlas/signs.png-atlas
[01Nov.2025 12:44:34.854] [Render thread/INFO] [net.minecraft.client.renderer.texture.TextureAtlas/]: Created: 512x512x4 minecraft:textures/atlas/shield_patterns.png-atlas
[01Nov.2025 12:44:34.856] [Render thread/INFO] [net.minecraft.client.renderer.texture.TextureAtlas/]: Created: 512x512x4 minecraft:textures/atlas/banner_patterns.png-atlas
[01Nov.2025 12:44:34.861] [Render thread/INFO] [net.minecraft.client.renderer.texture.TextureAtlas/]: Created: 2048x1024x4 minecraft:textures/atlas/armor_trims.png-atlas
[01Nov.2025 12:44:34.886] [Render thread/INFO] [net.minecraft.client.renderer.texture.TextureAtlas/]: Created: 256x256x4 minecraft:textures/atlas/chest.png-atlas
[01Nov.2025 12:44:34.886] [Render thread/INFO] [net.minecraft.client.renderer.texture.TextureAtlas/]: Created: 128x64x4 minecraft:textures/atlas/decorated_pot.png-atlas
[01Nov.2025 12:44:34.887] [Render thread/INFO] [net.minecraft.client.renderer.texture.TextureAtlas/]: Created: 512x256x4 minecraft:textures/atlas/beds.png-atlas
[01Nov.2025 12:44:34.891] [Render thread/INFO] [net.minecraft.client.renderer.texture.TextureAtlas/]: Created: 512x256x4 minecraft:textures/atlas/shulker_boxes.png-atlas
[01Nov.2025 12:44:34.893] [Render thread/WARN] [net.minecraft.client.resources.model.ModelManager/]: No model loaded for default item model ID valorant:firewall of valorant:firewall
[01Nov.2025 12:44:34.895] [Render thread/INFO] [net.minecraft.client.renderer.texture.TextureAtlas/]: Created: 64x64x0 minecraft:textures/atlas/map_decorations.png-atlas
[01Nov.2025 12:44:34.901] [Render thread/INFO] [net.neoforged.neoforge.client.entity.animation.json.AnimationLoader/]: Loaded 0 entity animations
[01Nov.2025 12:44:34.993] [Render thread/INFO] [net.minecraft.client.renderer.texture.TextureAtlas/]: Created: 512x256x0 minecraft:textures/atlas/particles.png-atlas
[01Nov.2025 12:44:34.993] [Render thread/INFO] [net.minecraft.client.renderer.texture.TextureAtlas/]: Created: 512x256x0 minecraft:textures/atlas/paintings.png-atlas
[01Nov.2025 12:44:34.994] [Render thread/INFO] [net.minecraft.client.renderer.texture.TextureAtlas/]: Created: 1024x512x0 minecraft:textures/atlas/gui.png-atlas
[01Nov.2025 12:44:34.998] [Render thread/INFO] [de.keksuccino.fancymenu.util.resource.ResourceHandlers/]: [FANCYMENU] Reloading resources..
[01Nov.2025 12:44:35.002] [Render thread/INFO] [de.keksuccino.fancymenu.util.resource.preload.ResourcePreLoader/]: [FANCYMENU] Pre-loading resources..
[01Nov.2025 12:44:35.003] [Render thread/INFO] [de.keksuccino.fancymenu.customization.layer.ScreenCustomizationLayerHandler/]: [FANCYMENU] Minecraft resource reload: FINISHED
[01Nov.2025 12:44:35.009] [Render thread/INFO] [de.keksuccino.fancymenu.customization.layer.ScreenCustomizationLayerHandler/]: [FANCYMENU] ScreenCustomizationLayer registered: title_screen
[01Nov.2025 12:44:35.066] [Render thread/ERROR] [de.keksuccino.fancymenu.util.resource.resources.texture.PngTexture/]: [FANCYMENU] Failed to read texture from file! File not found: C:\Users\Yuma\Desktop\MC Valo\Minecraft_Valorent_Mod\run\.\config\fancymenu\assets\buttonexit.png
[01Nov.2025 12:44:47.399] [Render thread/INFO] [de.keksuccino.fancymenu.customization.layer.ScreenCustomizationLayerHandler/]: [FANCYMENU] ScreenCustomizationLayer registered: select_world_screen
[01Nov.2025 12:44:48.691] [Render thread/INFO] [de.keksuccino.fancymenu.customization.layer.ScreenCustomizationLayerHandler/]: [FANCYMENU] ScreenCustomizationLayer registered: generic_dirt_message_screen
[01Nov.2025 12:44:50.098] [Render thread/INFO] [net.minecraft.world.item.crafting.RecipeManager/]: Loaded 1407 recipes
[01Nov.2025 12:44:50.112] [Render thread/INFO] [net.minecraft.advancements.AdvancementTree/]: Loaded 1520 advancements
[01Nov.2025 12:44:50.114] [Render thread/INFO] [net.neoforged.neoforge.common.crafting.RecipePriorityManager/]: Loaded 0 recipe priority overrides
[01Nov.2025 12:44:50.197] [Render thread/INFO] [de.keksuccino.fancymenu.customization.layer.ScreenCustomizationLayerHandler/]: [FANCYMENU] ScreenCustomizationLayer registered: progress_screen
[01Nov.2025 12:44:50.341] [Server thread/INFO] [net.minecraft.client.server.IntegratedServer/]: Starting integrated minecraft server version 1.21.8
[01Nov.2025 12:44:50.341] [Server thread/INFO] [net.minecraft.server.MinecraftServer/]: Generating keypair
[01Nov.2025 12:44:50.450] [Render thread/INFO] [de.keksuccino.fancymenu.customization.layer.ScreenCustomizationLayerHandler/]: [FANCYMENU] ScreenCustomizationLayer registered: level_loading_screen
[01Nov.2025 12:44:50.800] [Server thread/INFO] [net.minecraft.server.MinecraftServer/]: Preparing start region for dimension minecraft:overworld
[01Nov.2025 12:44:51.957] [progressListener/INFO] [net.minecraft.server.level.progress.LoggerChunkProgressListener/]: Preparing spawn area: 0%
[01Nov.2025 12:44:51.957] [progressListener/INFO] [net.minecraft.server.level.progress.LoggerChunkProgressListener/]: Preparing spawn area: 0%
[01Nov.2025 12:44:51.957] [progressListener/INFO] [net.minecraft.server.level.progress.LoggerChunkProgressListener/]: Preparing spawn area: 0%
[01Nov.2025 12:44:52.057] [Server thread/INFO] [net.neoforged.neoforge.server.permission.PermissionAPI/]: Successfully initialized permission handler neoforge:default_handler
[01Nov.2025 12:44:52.076] [progressListener/INFO] [net.minecraft.server.level.progress.LoggerChunkProgressListener/]: Time elapsed: 1268 ms
[01Nov.2025 12:44:52.163] [Server thread/INFO] [net.minecraft.client.server.IntegratedServer/]: Changing view distance to 12, from 10
[01Nov.2025 12:44:52.163] [Server thread/INFO] [net.minecraft.client.server.IntegratedServer/]: Changing simulation distance to 12, from 0
[01Nov.2025 12:44:53.674] [Server thread/INFO] [net.minecraft.server.players.PlayerList/]: Dev[local:E:1765ee75] logged in with entity id 87 at (22.957242703366493, 64.0, -38.301750120504686)
[01Nov.2025 12:44:53.741] [Render thread/INFO] [de.keksuccino.fancymenu.customization.layer.ScreenCustomizationLayerHandler/]: [FANCYMENU] ScreenCustomizationLayer registered: receiving_level_screen
[01Nov.2025 12:44:53.757] [Server thread/INFO] [net.minecraft.server.MinecraftServer/]: Dev joined the game
[01Nov.2025 12:44:53.906] [Server thread/INFO] [de.keksuccino.fancymenu.networking.packets.handshake.ServerSideHandshakePacketLogic/]: [FANCYMENU] A client with FancyMenu installed joined the server: Dev
[01Nov.2025 12:44:53.913] [Render thread/INFO] [de.keksuccino.fancymenu.networking.packets.handshake.ClientSideHandshakePacketLogic/]: [FANCYMENU] Connected to a server with FancyMenu installed: local_lan_world
[01Nov.2025 12:44:54.039] [Render thread/INFO] [net.minecraft.client.renderer.DynamicUniformStorage/]: Resizing Dynamic Transforms UBO, capacity limit of 2 reached during a single frame. New capacity will be 4.
[01Nov.2025 12:44:54.101] [Render thread/INFO] [net.minecraft.client.renderer.DynamicUniformStorage/]: Resizing Dynamic Transforms UBO, capacity limit of 4 reached during a single frame. New capacity will be 8.
[01Nov.2025 12:44:54.110] [Render thread/INFO] [net.minecraft.advancements.AdvancementTree/]: Loaded 50 advancements
[01Nov.2025 12:44:54.562] [Render thread/INFO] [net.minecraft.client.renderer.DynamicUniformStorage/]: Resizing Dynamic Transforms UBO, capacity limit of 8 reached during a single frame. New capacity will be 16.
[01Nov.2025 12:44:54.870] [Render thread/INFO] [net.minecraft.client.renderer.DynamicUniformStorage/]: Resizing Dynamic Transforms UBO, capacity limit of 16 reached during a single frame. New capacity will be 32.
[01Nov.2025 12:44:55.040] [Render thread/INFO] [net.minecraft.client.renderer.DynamicUniformStorage/]: Resizing Dynamic Transforms UBO, capacity limit of 32 reached during a single frame. New capacity will be 64.
[01Nov.2025 12:44:55.217] [Render thread/INFO] [net.minecraft.client.renderer.DynamicUniformStorage/]: Resizing Dynamic Transforms UBO, capacity limit of 64 reached during a single frame. New capacity will be 128.
[01Nov.2025 12:44:55.492] [Render thread/INFO] [net.minecraft.client.renderer.DynamicUniformStorage/]: Resizing Dynamic Transforms UBO, capacity limit of 128 reached during a single frame. New capacity will be 256.
[01Nov.2025 12:44:56.057] [Render thread/INFO] [net.minecraft.client.renderer.DynamicUniformStorage/]: Resizing Dynamic Transforms UBO, capacity limit of 256 reached during a single frame. New capacity will be 512.
[01Nov.2025 12:44:56.348] [Render thread/WARN] [com.bobby.valorant.Valorant/]: FancyMenu integration failed: java.lang.ClassNotFoundException: de.keksuccino.fancymenu.api.FancyMenuAPI
[01Nov.2025 12:44:57.094] [Render thread/WARN] [com.bobby.valorant.Valorant/]: FancyMenu integration failed: java.lang.ClassNotFoundException: de.keksuccino.fancymenu.api.FancyMenuAPI
[01Nov.2025 12:44:57.336] [Render thread/WARN] [com.bobby.valorant.Valorant/]: FancyMenu integration failed: java.lang.ClassNotFoundException: de.keksuccino.fancymenu.api.FancyMenuAPI
[01Nov.2025 12:44:57.414] [Render thread/INFO] [net.minecraft.client.renderer.DynamicUniformStorage/]: Resizing Dynamic Transforms UBO, capacity limit of 512 reached during a single frame. New capacity will be 1024.
[01Nov.2025 12:44:57.509] [Render thread/WARN] [com.bobby.valorant.Valorant/]: FancyMenu integration failed: java.lang.ClassNotFoundException: de.keksuccino.fancymenu.api.FancyMenuAPI
[01Nov.2025 12:44:57.730] [Render thread/WARN] [com.bobby.valorant.Valorant/]: FancyMenu integration failed: java.lang.ClassNotFoundException: de.keksuccino.fancymenu.api.FancyMenuAPI
[01Nov.2025 12:44:57.894] [Render thread/WARN] [com.bobby.valorant.Valorant/]: FancyMenu integration failed: java.lang.ClassNotFoundException: de.keksuccino.fancymenu.api.FancyMenuAPI
[01Nov.2025 12:44:58.047] [Render thread/WARN] [com.bobby.valorant.Valorant/]: FancyMenu integration failed: java.lang.ClassNotFoundException: de.keksuccino.fancymenu.api.FancyMenuAPI
[01Nov.2025 12:44:58.194] [Render thread/WARN] [com.bobby.valorant.Valorant/]: FancyMenu integration failed: java.lang.ClassNotFoundException: de.keksuccino.fancymenu.api.FancyMenuAPI
[01Nov.2025 12:44:58.378] [Render thread/WARN] [com.bobby.valorant.Valorant/]: FancyMenu integration failed: java.lang.ClassNotFoundException: de.keksuccino.fancymenu.api.FancyMenuAPI
[01Nov.2025 12:44:58.554] [Render thread/WARN] [com.bobby.valorant.Valorant/]: FancyMenu integration failed: java.lang.ClassNotFoundException: de.keksuccino.fancymenu.api.FancyMenuAPI
[01Nov.2025 12:44:58.748] [Render thread/WARN] [com.bobby.valorant.Valorant/]: FancyMenu integration failed: java.lang.ClassNotFoundException: de.keksuccino.fancymenu.api.FancyMenuAPI
[01Nov.2025 12:44:58.891] [Render thread/WARN] [com.bobby.valorant.Valorant/]: FancyMenu integration failed: java.lang.ClassNotFoundException: de.keksuccino.fancymenu.api.FancyMenuAPI
[01Nov.2025 12:44:59.049] [Render thread/WARN] [com.bobby.valorant.Valorant/]: FancyMenu integration failed: java.lang.ClassNotFoundException: de.keksuccino.fancymenu.api.FancyMenuAPI
[01Nov.2025 12:44:59.200] [Render thread/WARN] [com.bobby.valorant.Valorant/]: FancyMenu integration failed: java.lang.ClassNotFoundException: de.keksuccino.fancymenu.api.FancyMenuAPI
[01Nov.2025 12:45:00.633] [Render thread/INFO] [net.minecraft.client.renderer.DynamicUniformStorage/]: Resizing Dynamic Transforms UBO, capacity limit of 1024 reached during a single frame. New capacity will be 2048.
[01Nov.2025 12:45:01.047] [Render thread/WARN] [com.bobby.valorant.Valorant/]: FancyMenu integration failed: java.lang.ClassNotFoundException: de.keksuccino.fancymenu.api.FancyMenuAPI
[01Nov.2025 12:45:01.211] [Render thread/WARN] [com.bobby.valorant.Valorant/]: FancyMenu integration failed: java.lang.ClassNotFoundException: de.keksuccino.fancymenu.api.FancyMenuAPI
[01Nov.2025 12:45:01.373] [Render thread/WARN] [com.bobby.valorant.Valorant/]: FancyMenu integration failed: java.lang.ClassNotFoundException: de.keksuccino.fancymenu.api.FancyMenuAPI
[01Nov.2025 12:45:01.548] [Render thread/WARN] [com.bobby.valorant.Valorant/]: FancyMenu integration failed: java.lang.ClassNotFoundException: de.keksuccino.fancymenu.api.FancyMenuAPI
[01Nov.2025 12:45:01.713] [Render thread/WARN] [com.bobby.valorant.Valorant/]: FancyMenu integration failed: java.lang.ClassNotFoundException: de.keksuccino.fancymenu.api.FancyMenuAPI
[01Nov.2025 12:45:01.810] [Render thread/WARN] [com.bobby.valorant.Valorant/]: FancyMenu integration failed: java.lang.ClassNotFoundException: de.keksuccino.fancymenu.api.FancyMenuAPI
[01Nov.2025 12:45:02.749] [Render thread/WARN] [com.bobby.valorant.Valorant/]: FancyMenu integration failed: java.lang.ClassNotFoundException: de.keksuccino.fancymenu.api.FancyMenuAPI
[01Nov.2025 12:45:02.951] [Render thread/WARN] [com.bobby.valorant.Valorant/]: FancyMenu integration failed: java.lang.ClassNotFoundException: de.keksuccino.fancymenu.api.FancyMenuAPI
[01Nov.2025 12:45:03.099] [Render thread/WARN] [com.bobby.valorant.Valorant/]: FancyMenu integration failed: java.lang.ClassNotFoundException: de.keksuccino.fancymenu.api.FancyMenuAPI
[01Nov.2025 12:45:03.891] [Render thread/INFO] [de.keksuccino.fancymenu.customization.layer.ScreenCustomizationLayerHandler/]: [FANCYMENU] ScreenCustomizationLayer registered: pause_screen
[01Nov.2025 12:45:03.961] [Server thread/INFO] [net.minecraft.client.server.IntegratedServer/]: Saving and pausing game...
[01Nov.2025 12:45:04.010] [Server thread/INFO] [net.minecraft.server.MinecraftServer/]: Saving chunks for level 'ServerLevel[Mod test]'/minecraft:overworld
[01Nov.2025 12:45:04.098] [Server thread/INFO] [net.minecraft.server.MinecraftServer/]: Saving chunks for level 'ServerLevel[Mod test]'/minecraft:the_nether
[01Nov.2025 12:45:04.099] [Server thread/INFO] [net.minecraft.server.MinecraftServer/]: Saving chunks for level 'ServerLevel[Mod test]'/minecraft:the_end
[01Nov.2025 12:45:04.564] [Render thread/INFO] [de.keksuccino.fancymenu.customization.layer.ScreenCustomizationLayerHandler/]: [FANCYMENU] ScreenCustomizationLayer registered: options_screen
[01Nov.2025 12:45:05.354] [Render thread/INFO] [de.keksuccino.fancymenu.customization.layer.ScreenCustomizationLayerHandler/]: [FANCYMENU] ScreenCustomizationLayer registered: controls_screen
[01Nov.2025 12:45:06.405] [Render thread/INFO] [de.keksuccino.fancymenu.customization.layer.ScreenCustomizationLayerHandler/]: [FANCYMENU] ScreenCustomizationLayer registered: net.minecraft.client.gui.screens.options.controls.KeyBindsScreen
[01Nov.2025 12:45:39.348] [Render thread/WARN] [com.bobby.valorant.Valorant/]: FancyMenu integration failed: java.lang.ClassNotFoundException: de.keksuccino.fancymenu.api.FancyMenuAPI
[01Nov.2025 12:45:39.500] [Render thread/WARN] [com.bobby.valorant.Valorant/]: FancyMenu integration failed: java.lang.ClassNotFoundException: de.keksuccino.fancymenu.api.FancyMenuAPI
[01Nov.2025 12:45:39.648] [Render thread/WARN] [com.bobby.valorant.Valorant/]: FancyMenu integration failed: java.lang.ClassNotFoundException: de.keksuccino.fancymenu.api.FancyMenuAPI
[01Nov.2025 12:45:42.562] [Server thread/INFO] [net.minecraft.client.server.IntegratedServer/]: Saving and pausing game...
[01Nov.2025 12:45:42.855] [Server thread/INFO] [net.minecraft.server.MinecraftServer/]: Saving chunks for level 'ServerLevel[Mod test]'/minecraft:overworld
[01Nov.2025 12:45:42.887] [Server thread/INFO] [net.minecraft.server.MinecraftServer/]: Saving chunks for level 'ServerLevel[Mod test]'/minecraft:the_nether
[01Nov.2025 12:45:42.887] [Server thread/INFO] [net.minecraft.server.MinecraftServer/]: Saving chunks for level 'ServerLevel[Mod test]'/minecraft:the_end
[01Nov.2025 12:46:19.861] [Server thread/INFO] [net.minecraft.client.server.IntegratedServer/]: Saving and pausing game...
[01Nov.2025 12:46:19.879] [Server thread/INFO] [net.minecraft.server.MinecraftServer/]: Saving chunks for level 'ServerLevel[Mod test]'/minecraft:overworld
[01Nov.2025 12:46:19.902] [Server thread/INFO] [net.minecraft.server.MinecraftServer/]: Saving chunks for level 'ServerLevel[Mod test]'/minecraft:the_nether
[01Nov.2025 12:46:19.902] [Server thread/INFO] [net.minecraft.server.MinecraftServer/]: Saving chunks for level 'ServerLevel[Mod test]'/minecraft:the_end
[01Nov.2025 12:46:20.222] [Server thread/INFO] [net.minecraft.server.network.ServerGamePacketListenerImpl/]: Dev lost connection: Disconnected
[01Nov.2025 12:46:20.222] [Server thread/INFO] [net.minecraft.server.MinecraftServer/]: Dev left the game
[01Nov.2025 12:46:20.241] [Server thread/INFO] [net.minecraft.server.network.ServerCommonPacketListenerImpl/]: Stopping singleplayer server as player logged out
[01Nov.2025 12:46:20.261] [Server thread/INFO] [net.minecraft.server.MinecraftServer/]: Stopping server
[01Nov.2025 12:46:20.261] [Server thread/INFO] [net.minecraft.server.MinecraftServer/]: Saving players
[01Nov.2025 12:46:20.261] [Server thread/INFO] [net.minecraft.server.MinecraftServer/]: Saving worlds
[01Nov.2025 12:46:20.422] [Server thread/INFO] [net.minecraft.server.MinecraftServer/]: Saving chunks for level 'ServerLevel[Mod test]'/minecraft:overworld
[01Nov.2025 12:46:20.668] [Server thread/INFO] [net.minecraft.server.MinecraftServer/]: Saving chunks for level 'ServerLevel[Mod test]'/minecraft:the_nether
[01Nov.2025 12:46:20.678] [Server thread/INFO] [net.minecraft.server.MinecraftServer/]: Saving chunks for level 'ServerLevel[Mod test]'/minecraft:the_end
[01Nov.2025 12:46:20.698] [Server thread/INFO] [net.minecraft.server.MinecraftServer/]: ThreadedAnvilChunkStorage (Mod test): All chunks are saved
[01Nov.2025 12:46:20.699] [Server thread/INFO] [net.minecraft.server.MinecraftServer/]: ThreadedAnvilChunkStorage (DIM-1): All chunks are saved
[01Nov.2025 12:46:20.699] [Server thread/INFO] [net.minecraft.server.MinecraftServer/]: ThreadedAnvilChunkStorage (DIM1): All chunks are saved
[01Nov.2025 12:46:20.699] [Server thread/INFO] [net.minecraft.server.MinecraftServer/]: ThreadedAnvilChunkStorage: All dimensions are saved
[01Nov.2025 12:46:57.863] [Render thread/INFO] [net.minecraft.client.Minecraft/]: Stopping!
